[2016-07-01 09:44:31][INFO ] irille.pub.bean.PackageBase
初始化模块【class irille.core.sys.Sys】信息...
[2016-07-01 09:44:32][INFO ] irille.pub.bean.PackageBase
初始化模块【class irille.core.lg.Lg】信息...
[2016-07-01 09:44:32][ERROR] irille.pub.FileTools
readFileErr:读文件[D:\workspace\srdz\src\irille\wx\wpt\WptRedPackRule.java]出错!
[2016-07-01 10:00:42][INFO ] irille.pub.bean.PackageBase
初始化模块【class irille.core.sys.Sys】信息...
[2016-07-01 10:00:42][INFO ] irille.pub.bean.PackageBase
初始化模块【class irille.core.lg.Lg】信息...
[2016-07-01 10:00:42][INFO ] irille.pub.FileText
文件[D:\workspace\srdz\src\main\java\irille\wx\wpt\WptRedPackRule.java]已修改, 请按【F5】键同步显示内容!
[2016-07-01 10:00:42][INFO ] irille.pub.svr.DbPool
DbPool初始化开始
[2016-07-01 10:00:42][INFO ] snaq.db.ConnectionPoolManager
Loaded ConnectionPoolManager properties with encoding UTF-8
[2016-07-01 10:00:42][INFO ] snaq.db.ConnectionPoolManager.irille
irille: Created pool irille (minpool=0,maxpool=100,maxsize=100,idleTimeout=60)
[2016-07-01 10:00:42][INFO ] irille.pub.svr.DbPool
DbPool初始化成功
[2016-07-01 10:00:42][INFO ] irille.pub.svr.DbPool
init poolManager end...
[2016-07-01 10:00:42][INFO ] snaq.db.ConnectionPool.irille
irille: Getting connection (user/password): jdbc:mysql://localhost:3306/srdz3.0?useUnicode=true&characterEncoding=UTF8
[2016-07-01 10:00:42][INFO ] snaq.db.ConnectionPool.irille
irille: Created a new connection
[2016-07-01 10:02:45][INFO ] irille.pub.bean.PackageBase
初始化模块【class irille.wx.wx.Wx】信息...
[2016-07-01 10:02:45][INFO ] irille.pub.bean.PackageBase
初始化模块【class irille.core.lg.Lg】信息...
[2016-07-01 10:02:45][INFO ] irille.pub.bean.PackageBase
初始化模块【class irille.core.sys.Sys】信息...
[2016-07-01 10:02:45][INFO ] irille.pub.bean.InstallBase
安装模块【class irille.core.lg.Lg_Install:日志模块】数据初始化...
[2016-07-01 10:02:45][INFO ] irille.pub.bean.PackageBase
初始化模块【class irille.core.ms.Ms】信息...
[2016-07-01 10:02:45][INFO ] irille.pub.bean.InstallBase
安装模块【class irille.core.ms.Ms_Install:消息模块】数据初始化...
[2016-07-01 10:02:45][INFO ] irille.pub.bean.PackageBase
初始化模块【class irille.core.prv.Prv】信息...
[2016-07-01 10:02:45][INFO ] irille.pub.bean.InstallBase
安装模块【class irille.core.prv.Prv_Install:权限管理】数据初始化...
[2016-07-01 10:02:46][INFO ] irille.pub.bean.InstallBase
安装模块【class irille.core.sys.Sys_Install:系统模块】数据初始化...
[2016-07-01 10:02:46][INFO ] irille.pub.bean.PackageBase
初始化模块【class irille.wx.js.Js】信息...
[2016-07-01 10:02:46][INFO ] irille.pub.bean.InstallBase
安装模块【class irille.wx.js.Js_Install:共享类】数据初始化...
[2016-07-01 10:02:46][INFO ] irille.pub.bean.PackageBase
初始化模块【class irille.wx.wa.Wa】信息...
[2016-07-01 10:02:47][INFO ] irille.pub.bean.InstallBase
安装模块【class irille.wx.wa.Wa_Install:微信扩展模块】数据初始化...
[2016-07-01 10:02:47][INFO ] irille.pub.bean.PackageBase
初始化模块【class irille.wx.wax.Wax】信息...
[2016-07-01 10:02:47][INFO ] irille.pub.bean.InstallBase
安装模块【class irille.wx.wax.Wax_Install:微信扩展扩展模块】数据初始化...
[2016-07-01 10:02:47][INFO ] irille.pub.bean.PackageBase
初始化模块【class irille.wx.wm.Wm】信息...
[2016-07-01 10:02:47][INFO ] irille.pub.bean.InstallBase
安装模块【class irille.wx.wm.Wm_Install:响应消息】数据初始化...
[2016-07-01 10:02:47][INFO ] irille.pub.bean.PackageBase
初始化模块【class irille.wx.wp.Wp】信息...
[2016-07-01 10:02:47][INFO ] irille.pub.bean.InstallBase
安装模块【class irille.wx.wp.Wp_Install:订阅号】数据初始化...
[2016-07-01 10:02:47][INFO ] irille.pub.bean.PackageBase
初始化模块【class irille.wx.wpt.Wpt】信息...
[2016-07-01 10:02:47][INFO ] irille.pub.bean.InstallBase
安装模块【class irille.wx.wpt.Wpt_Install:订阅号】数据初始化...
[2016-07-01 10:02:47][INFO ] irille.pub.bean.InstallBase
安装模块【class irille.wx.wx.Wx_Install:微信模块】数据初始化...
[2016-07-01 10:02:48][INFO ] irille.pub.bean.InstallBase
    正在安装设置模块【class irille.core.sys.Sys_Install:系统模块】...
[2016-07-01 10:02:48][INFO ] irille.pub.svr.DbPool
DbPool初始化开始
[2016-07-01 10:02:48][INFO ] snaq.db.ConnectionPoolManager
Loaded ConnectionPoolManager properties with encoding UTF-8
[2016-07-01 10:02:48][INFO ] snaq.db.ConnectionPoolManager.irille
irille: Created pool irille (minpool=0,maxpool=100,maxsize=100,idleTimeout=60)
[2016-07-01 10:02:48][INFO ] irille.pub.svr.DbPool
DbPool初始化成功
[2016-07-01 10:02:48][INFO ] irille.pub.svr.DbPool
init poolManager end...
[2016-07-01 10:02:48][INFO ] snaq.db.ConnectionPool.irille
irille: Getting connection (user/password): jdbc:mysql://localhost:3306/srdz3.0?useUnicode=true&characterEncoding=UTF8
[2016-07-01 10:02:48][INFO ] snaq.db.ConnectionPool.irille
irille: Created a new connection
[2016-07-01 10:02:48][INFO ] irille.pub.bean.InstallBase
    模块【系统模块】设置完成...
[2016-07-01 10:02:48][INFO ] irille.pub.bean.InstallBase
    正在安装设置模块【class irille.core.lg.Lg_Install:日志模块】...
[2016-07-01 10:02:48][INFO ] irille.pub.bean.InstallBase
    模块【日志模块】设置完成...
[2016-07-01 10:02:48][INFO ] irille.pub.bean.InstallBase
    正在安装设置模块【class irille.core.prv.Prv_Install:权限管理】...
[2016-07-01 10:02:48][INFO ] irille.pub.bean.InstallBase
    模块【权限管理】设置完成...
[2016-07-01 10:02:48][INFO ] irille.pub.bean.InstallBase
    正在安装设置模块【class irille.wx.wx.Wx_Install:微信模块】...
[2016-07-01 10:02:49][INFO ] irille.pub.bean.InstallBase
    模块【微信模块】设置完成...
[2016-07-01 10:02:49][INFO ] irille.pub.bean.InstallBase
    正在安装设置模块【class irille.wx.wm.Wm_Install:响应消息】...
[2016-07-01 10:02:49][INFO ] irille.pub.bean.InstallBase
    模块【响应消息】设置完成...
[2016-07-01 10:02:49][INFO ] irille.pub.bean.InstallBase
    正在安装设置模块【class irille.wx.wa.Wa_Install:微信扩展模块】...
[2016-07-01 10:02:49][INFO ] irille.pub.bean.InstallBase
    模块【微信扩展模块】设置完成...
[2016-07-01 10:02:49][INFO ] irille.pub.bean.InstallBase
    正在安装设置模块【class irille.wx.js.Js_Install:共享类】...
[2016-07-01 10:02:49][INFO ] irille.pub.bean.InstallBase
    模块【共享类】设置完成...
[2016-07-01 10:02:49][INFO ] irille.pub.bean.InstallBase
    正在安装设置模块【class irille.wx.wp.Wp_Install:订阅号】...
[2016-07-01 10:02:49][INFO ] irille.pub.bean.InstallBase
    模块【订阅号】设置完成...
[2016-07-01 10:02:49][INFO ] irille.pub.bean.InstallBase
    正在安装设置模块【class irille.wx.wpt.Wpt_Install:订阅号】...
[2016-07-01 10:02:49][INFO ] irille.pub.bean.InstallBase
    模块【订阅号】设置完成...
[2016-07-01 10:02:49][INFO ] irille.pub.bean.InstallBase
    正在安装设置模块【class irille.wx.wax.Wax_Install:微信扩展扩展模块】...
[2016-07-01 10:02:49][INFO ] irille.pub.bean.InstallBase
    模块【微信扩展扩展模块】设置完成...
[2016-07-01 10:02:49][INFO ] snaq.db.ConnectionPool.irille
irille: Destroyed connection
[2016-07-01 10:20:02][INFO ] irille.pub.bean.PackageBase
初始化模块【class irille.core.sys.Sys】信息...
[2016-07-01 10:20:02][INFO ] irille.pub.bean.PackageBase
初始化模块【class irille.core.lg.Lg】信息...
[2016-07-01 10:20:02][INFO ] irille.pub.svr.DbPool
DbPool初始化开始
[2016-07-01 10:20:02][INFO ] snaq.db.ConnectionPoolManager
Loaded ConnectionPoolManager properties with encoding UTF-8
[2016-07-01 10:20:02][INFO ] snaq.db.ConnectionPoolManager.irille
irille: Created pool irille (minpool=0,maxpool=100,maxsize=100,idleTimeout=60)
[2016-07-01 10:20:02][INFO ] irille.pub.svr.DbPool
DbPool初始化成功
[2016-07-01 10:20:02][INFO ] irille.pub.svr.DbPool
init poolManager end...
[2016-07-01 10:20:02][INFO ] snaq.db.ConnectionPool.irille
irille: Getting connection (user/password): jdbc:mysql://localhost:3306/srdz3.0?useUnicode=true&characterEncoding=UTF8
[2016-07-01 10:20:02][INFO ] snaq.db.ConnectionPool.irille
irille: Created a new connection
[2016-07-01 10:22:37][INFO ] irille.pub.bean.PackageBase
初始化模块【class irille.core.sys.Sys】信息...
[2016-07-01 10:22:37][INFO ] irille.pub.bean.PackageBase
初始化模块【class irille.core.lg.Lg】信息...
[2016-07-01 10:22:37][INFO ] irille.pub.svr.DbPool
DbPool初始化开始
[2016-07-01 10:22:37][INFO ] snaq.db.ConnectionPoolManager
Loaded ConnectionPoolManager properties with encoding UTF-8
[2016-07-01 10:22:37][INFO ] snaq.db.ConnectionPoolManager.irille
irille: Created pool irille (minpool=0,maxpool=100,maxsize=100,idleTimeout=60)
[2016-07-01 10:22:37][INFO ] irille.pub.svr.DbPool
DbPool初始化成功
[2016-07-01 10:22:37][INFO ] irille.pub.svr.DbPool
init poolManager end...
[2016-07-01 10:22:37][INFO ] snaq.db.ConnectionPool.irille
irille: Getting connection (user/password): jdbc:mysql://localhost:3306/srdz3.0?useUnicode=true&characterEncoding=UTF8
[2016-07-01 10:22:38][INFO ] snaq.db.ConnectionPool.irille
irille: Created a new connection
[2016-07-01 17:33:41][INFO ] irille.pub.bean.PackageBase
初始化模块【class irille.core.sys.Sys】信息...
[2016-07-01 17:33:41][INFO ] irille.pub.bean.PackageBase
初始化模块【class irille.core.lg.Lg】信息...
[2016-07-01 17:33:42][INFO ] irille.pub.svr.DbPool
DbPool初始化开始
[2016-07-01 17:33:42][INFO ] snaq.db.ConnectionPoolManager
Loaded ConnectionPoolManager properties with encoding UTF-8
[2016-07-01 17:33:42][INFO ] snaq.db.ConnectionPoolManager.irille
irille: Created pool irille (minpool=0,maxpool=100,maxsize=100,idleTimeout=60)
[2016-07-01 17:33:42][INFO ] irille.pub.svr.DbPool
DbPool初始化成功
[2016-07-01 17:33:42][INFO ] irille.pub.svr.DbPool
init poolManager end...
[2016-07-01 17:33:42][INFO ] snaq.db.ConnectionPool.irille
irille: Getting connection (user/password): jdbc:mysql://localhost:3306/srdz3.0?useUnicode=true&characterEncoding=UTF8
[2016-07-01 17:33:42][INFO ] snaq.db.ConnectionPool.irille
irille: Created a new connection
[2016-07-01 17:33:42][ERROR] irille.wxpub.util.mch.MchUtil
CertErr:商户平台证书错误!
[2016-07-01 17:34:45][INFO ] irille.pub.bean.PackageBase
初始化模块【class irille.core.sys.Sys】信息...
[2016-07-01 17:34:45][INFO ] irille.pub.bean.PackageBase
初始化模块【class irille.core.lg.Lg】信息...
[2016-07-01 17:34:45][INFO ] irille.pub.svr.DbPool
DbPool初始化开始
[2016-07-01 17:34:45][INFO ] snaq.db.ConnectionPoolManager
Loaded ConnectionPoolManager properties with encoding UTF-8
[2016-07-01 17:34:45][INFO ] snaq.db.ConnectionPoolManager.irille
irille: Created pool irille (minpool=0,maxpool=100,maxsize=100,idleTimeout=60)
[2016-07-01 17:34:45][INFO ] irille.pub.svr.DbPool
DbPool初始化成功
[2016-07-01 17:34:45][INFO ] irille.pub.svr.DbPool
init poolManager end...
[2016-07-01 17:34:45][INFO ] snaq.db.ConnectionPool.irille
irille: Getting connection (user/password): jdbc:mysql://localhost:3306/srdz3.0?useUnicode=true&characterEncoding=UTF8
[2016-07-01 17:34:46][INFO ] snaq.db.ConnectionPool.irille
irille: Created a new connection
